<?xml version="1.0" encoding="UTF-8"?>
<!-- Generated by org.testng.reporters.JUnitReportReporter -->
<testsuite skipped="0" hostname="sashok-pc" name="testcases.LoginTest" tests="9" failures="0" timestamp="23 авг 2019 14:47:09 GMT" time="23.113" errors="0">
  <testcase name="LoginAsUser" time="1.420" classname="testcases.LoginTest"/>
  <testcase name="LoginAsUser" time="1.392" classname="testcases.LoginTest"/>
  <testcase name="LoginAsUser" time="1.410" classname="testcases.LoginTest"/>
  <testcase name="LoginAsUser" time="1.500" classname="testcases.LoginTest"/>
  <testcase name="LoginAsUser" time="1.454" classname="testcases.LoginTest"/>
  <testcase name="LoginAsUser" time="1.421" classname="testcases.LoginTest"/>
  <testcase name="LoginAsUser" time="1.960" classname="testcases.LoginTest"/>
  <testcase name="LoginAsUser" time="1.402" classname="testcases.LoginTest"/>
  <testcase name="LoginAsUser" time="11.154" classname="testcases.LoginTest"/>
</testsuite> <!-- testcases.LoginTest -->
