<?xml version="1.0" encoding="UTF-8"?>
<!-- Generated by org.testng.reporters.JUnitReportReporter -->
<testsuite skipped="0" hostname="sashok-pc" name="testcases.MyProfileTest" tests="1" failures="0" timestamp="23 авг 2019 14:47:09 GMT" time="11.400" errors="0">
  <testcase name="MyProfileDDL" time="11.400" classname="testcases.MyProfileTest"/>
</testsuite> <!-- testcases.MyProfileTest -->
