<?xml version="1.0" encoding="UTF-8"?>
<!-- Generated by org.testng.reporters.JUnitReportReporter -->
<testsuite skipped="0" hostname="sashok-pc" name="testcases.Login" tests="9" failures="0" timestamp="22 авг 2019 00:01:58 GMT" time="22.352" errors="0">
  <testcase name="LoginAsUser" time="1.656" classname="testcases.Login"/>
  <testcase name="LoginAsUser" time="1.245" classname="testcases.Login"/>
  <testcase name="LoginAsUser" time="11.207" classname="testcases.Login"/>
  <testcase name="LoginAsUser" time="1.451" classname="testcases.Login"/>
  <testcase name="LoginAsUser" time="1.381" classname="testcases.Login"/>
  <testcase name="LoginAsUser" time="1.440" classname="testcases.Login"/>
  <testcase name="LoginAsUser" time="1.357" classname="testcases.Login"/>
  <testcase name="LoginAsUser" time="1.471" classname="testcases.Login"/>
  <testcase name="LoginAsUser" time="1.144" classname="testcases.Login"/>
</testsuite> <!-- testcases.Login -->
