<?xml version="1.0" encoding="UTF-8"?>
<!-- Generated by org.testng.reporters.JUnitReportReporter -->
<testsuite skipped="0" hostname="sashok-pc" name="testcases.LoginTest" tests="9" failures="0" timestamp="22 авг 2019 00:06:11 GMT" time="23.672" errors="0">
  <testcase name="LoginAsUser" time="1.504" classname="testcases.LoginTest"/>
  <testcase name="LoginAsUser" time="1.591" classname="testcases.LoginTest"/>
  <testcase name="LoginAsUser" time="11.462" classname="testcases.LoginTest"/>
  <testcase name="LoginAsUser" time="1.804" classname="testcases.LoginTest"/>
  <testcase name="LoginAsUser" time="1.390" classname="testcases.LoginTest"/>
  <testcase name="LoginAsUser" time="1.481" classname="testcases.LoginTest"/>
  <testcase name="LoginAsUser" time="1.523" classname="testcases.LoginTest"/>
  <testcase name="LoginAsUser" time="1.461" classname="testcases.LoginTest"/>
  <testcase name="LoginAsUser" time="1.456" classname="testcases.LoginTest"/>
</testsuite> <!-- testcases.LoginTest -->
